<?xml version="1.0"?>
<messages >
  <project>
    <vfs_file>/home/claire/Documents/spark2014/testsuite/gnatprove/tests/openETCS/test.gpr</vfs_file>
    <category name="gnatprove" >
      <file>
        <vfs_name>/home/claire/Documents/spark2014/testsuite/gnatprove/tests/openETCS/section_4_6.ads</vfs_name>
        <message text="postcondition not proved, requires disjoint_condition_transitions = true" column="14" line="104" class="GPS.KERNEL.MESSAGES.MARKUP.MARKUP_MESSAGE"  />
      </file>
      <file>
        <vfs_name>/home/claire/Documents/spark2014/testsuite/gnatprove/tests/openETCS/section_3_5_3.ads</vfs_name>
        <message text="postcondition not proved, requires Contains(Connections, destination)" actual_line="75" column="14" line="77" class="GPS.KERNEL.MESSAGES.MARKUP.MARKUP_MESSAGE"  />
      </file>
    </category>
  </project>
</messages>
